<?xml version="1.0" encoding="UTF-8"?>
<testsuite name="tests" tests="8" skipped="0" failures="0" errors="0" timestamp="2022-05-15T11:56:25" hostname="Noa-Kogonia" time="0.058">
  <properties/>
  <testcase name="[1] 10*2, 20" classname="tests" time="0.04"/>
  <testcase name="[2] 10/2, 5" classname="tests" time="0.002"/>
  <testcase name="[3] 10+2, 12" classname="tests" time="0.001"/>
  <testcase name="[4] 10-2, -1" classname="tests" time="0.001"/>
  <testcase name="[5] 10/0, -1" classname="tests" time="0.0"/>
  <testcase name="[6] Noa, -1" classname="tests" time="0.001"/>
  <testcase name="[7] , -1" classname="tests" time="0.001"/>
  <testcase name="[8] null, -1" classname="tests" time="0.0"/>
  <system-out><![CDATA[]]></system-out>
  <system-err><![CDATA[]]></system-err>
</testsuite>
